#
# There is insufficient memory for the Java Runtime Environment to continue.
# Native memory allocation (malloc) failed to allocate 931936 bytes for Chunk::new
# Possible reasons:
#   The system is out of physical RAM or swap space
#   The process is running with CompressedOops enabled, and the Java Heap may be blocking the growth of the native heap
# Possible solutions:
#   Reduce memory load on the system
#   Increase physical memory or swap space
#   Check if swap backing store is full
#   Decrease Java heap size (-Xmx/-Xms)
#   Decrease number of Java threads
#   Decrease Java thread stack sizes (-Xss)
#   Set larger code cache with -XX:ReservedCodeCacheSize=
#   JVM is running with Zero Based Compressed Oops mode in which the Java heap is
#     placed in the first 32GB address space. The Java Heap base address is the
#     maximum limit for the native heap growth. Please use -XX:HeapBaseMinAddress
#     to set the Java Heap base and to place the Java Heap above 32GB virtual address.
# This output file may be truncated or incomplete.
#
#  Out of Memory Error (allocation.cpp:389), pid=11628, tid=0x00000000000022b0
#
# JRE version: Java(TM) SE Runtime Environment (8.0_311-b11) (build 1.8.0_311-b11)
# Java VM: Java HotSpot(TM) 64-Bit Server VM (25.311-b11 mixed mode windows-amd64 compressed oops)
# Failed to write core dump. Minidumps are not enabled by default on client versions of Windows
#

---------------  T H R E A D  ---------------

Current thread (0x0000022089ba1000):  JavaThread "C2 CompilerThread0" daemon [_thread_in_native, id=8880, stack(0x0000002e16d00000,0x0000002e16e00000)]

Stack: [0x0000002e16d00000,0x0000002e16e00000]
Native frames: (J=compiled Java code, j=interpreted, Vv=VM code, C=native code)
V  [jvm.dll+0x32f239]
V  [jvm.dll+0x275882]
V  [jvm.dll+0x27652d]
V  [jvm.dll+0x26cf65]
V  [jvm.dll+0xd558c]
V  [jvm.dll+0xd5d8c]
V  [jvm.dll+0x453642]
V  [jvm.dll+0x48e6bd]
V  [jvm.dll+0x443301]
V  [jvm.dll+0x4404ab]
V  [jvm.dll+0x42b38b]
V  [jvm.dll+0xac22b]
V  [jvm.dll+0xaa88b]
V  [jvm.dll+0x23df22]
V  [jvm.dll+0x29253c]
C  [ucrtbase.dll+0x26c0c]
C  [KERNEL32.DLL+0x154e0]
C  [ntdll.dll+0x485b]


Current CompileTask:
C2:    406  485       4       org.jacoco.agent.rt.internal_3570298.asm.commons.AnalyzerAdapter::execute (2009 bytes)


---------------  P R O C E S S  ---------------

Java Threads: ( => current thread )
  0x000002208a027800 JavaThread "surefire-forkedjvm-ping-30s" daemon [_thread_in_native, id=1148, stack(0x0000002e17400000,0x0000002e17500000)]
  0x000002208a7ec800 JavaThread "surefire-forkedjvm-command-thread" daemon [_thread_in_native, id=16716, stack(0x0000002e17300000,0x0000002e17400000)]
  0x0000022089bc9800 JavaThread "Service Thread" daemon [_thread_blocked, id=16700, stack(0x0000002e17100000,0x0000002e17200000)]
  0x0000022089ca5000 JavaThread "C1 CompilerThread3" daemon [_thread_blocked, id=3904, stack(0x0000002e17000000,0x0000002e17100000)]
  0x0000022089ca4000 JavaThread "C2 CompilerThread2" daemon [_thread_in_native, id=8748, stack(0x0000002e16f00000,0x0000002e17000000)]
  0x0000022089c6b000 JavaThread "C2 CompilerThread1" daemon [_thread_in_native, id=1480, stack(0x0000002e16e00000,0x0000002e16f00000)]
=>0x0000022089ba1000 JavaThread "C2 CompilerThread0" daemon [_thread_in_native, id=8880, stack(0x0000002e16d00000,0x0000002e16e00000)]
  0x00000220ff71b800 JavaThread "Attach Listener" daemon [_thread_blocked, id=12092, stack(0x0000002e16c00000,0x0000002e16d00000)]
  0x00000220ff71b000 JavaThread "Signal Dispatcher" daemon [_thread_blocked, id=17560, stack(0x0000002e16b00000,0x0000002e16c00000)]
  0x00000220ff6f7800 JavaThread "Finalizer" daemon [_thread_blocked, id=9472, stack(0x0000002e16a00000,0x0000002e16b00000)]
  0x00000220ff6ef800 JavaThread "Reference Handler" daemon [_thread_blocked, id=20116, stack(0x0000002e16900000,0x0000002e16a00000)]
  0x00000220ec98a800 JavaThread "main" [_thread_in_vm, id=2972, stack(0x0000002e15f00000,0x0000002e16000000)]

Other Threads:
  0x00000220ff6c6800 VMThread [stack: 0x0000002e16800000,0x0000002e16900000] [id=20136]
  0x0000022089d6b000 WatcherThread [stack: 0x0000002e17200000,0x0000002e17300000] [id=16712]

VM state:not at safepoint (normal execution)

VM Mutex/Monitor currently owned by a thread: None

heap address: 0x00000006c2c00000, size: 4052 MB, Compressed Oops mode: Zero based, Oop shift amount: 3
Narrow klass base: 0x0000000000000000, Narrow klass shift: 3
Compressed class space size: 1073741824 Address: 0x00000007c0000000

Heap:
 PSYoungGen      total 75776K, used 39084K [0x000000076b980000, 0x0000000770e00000, 0x00000007c0000000)
  eden space 65024K, 60% used [0x000000076b980000,0x000000076dfab330,0x000000076f900000)
  from space 10752K, 0% used [0x0000000770380000,0x0000000770380000,0x0000000770e00000)
  to   space 10752K, 0% used [0x000000076f900000,0x000000076f900000,0x0000000770380000)
 ParOldGen       total 173568K, used 0K [0x00000006c2c00000, 0x00000006cd580000, 0x000000076b980000)
  object space 173568K, 0% used [0x00000006c2c00000,0x00000006c2c00000,0x00000006cd580000)
 Metaspace       used 7147K, capacity 7236K, committed 7552K, reserved 1056768K
  class space    used 751K, capacity 802K, committed 896K, reserved 1048576K

Card table byte_map: [0x00000220fd720000,0x00000220fdf10000] byte_map_base: 0x00000220fa10a000

Marking Bits: (ParMarkBitMap*) 0x000000006e0b8030
 Begin Bits: [0x0000022080000000, 0x0000022083f50000)
 End Bits:   [0x0000022083f50000, 0x0000022087ea0000)

Polling page: 0x00000220ecb60000

CodeCache: size=245760Kb used=3351Kb max_used=3351Kb free=242408Kb
 bounds [0x00000220ee360000, 0x00000220ee6b0000, 0x00000220fd360000]
 total_blobs=1002 nmethods=674 adapters=241
 compilation: enabled

Compilation events (10 events):
Event: 0.393 Thread 0x0000022089ca5000  649       3       java.util.Properties$LineReader::readLine (468 bytes)
Event: 0.394 Thread 0x0000022089ca5000 nmethod 649 0x00000220ee69c350 code [0x00000220ee69c600, 0x00000220ee69dff0]
Event: 0.394 Thread 0x0000022089ca5000  651       3       java.util.jar.Attributes::getValue (9 bytes)
Event: 0.394 Thread 0x0000022089ca5000 nmethod 651 0x00000220ee69ed10 code [0x00000220ee69ee80, 0x00000220ee69f1f0]
Event: 0.394 Thread 0x0000022089ca5000  653       3       java.lang.String::lastIndexOf (11 bytes)
Event: 0.394 Thread 0x0000022089ca5000 nmethod 653 0x00000220ee69f310 code [0x00000220ee69f480, 0x00000220ee69f710]
Event: 0.394 Thread 0x0000022089ca5000  654       3       java.lang.String::lastIndexOf (25 bytes)
Event: 0.394 Thread 0x0000022089ca5000 nmethod 654 0x00000220ee69f890 code [0x00000220ee69fa00, 0x00000220ee69fbd0]
Event: 0.394 Thread 0x0000022089ca5000  652       3       java.lang.ref.SoftReference::get (29 bytes)
Event: 0.395 Thread 0x0000022089ca5000 nmethod 652 0x00000220ee69fcd0 code [0x00000220ee69fe20, 0x00000220ee6a0018]

GC Heap History (0 events):
No events

Deoptimization events (8 events):
Event: 0.276 Thread 0x00000220ec98a800 Uncommon trap: reason=unstable_if action=reinterpret pc=0x00000220ee4b2ccc method=java.lang.String.indexOf([CII[CIII)I @ 123
Event: 0.299 Thread 0x00000220ec98a800 Uncommon trap: reason=unstable_if action=reinterpret pc=0x00000220ee4b1108 method=java.lang.String.indexOf([CII[CIII)I @ 123
Event: 0.302 Thread 0x00000220ec98a800 Uncommon trap: reason=unstable_if action=reinterpret pc=0x00000220ee49be24 method=sun.misc.URLClassPath.getLoader(I)Lsun/misc/URLClassPath$Loader; @ 36
Event: 0.302 Thread 0x00000220ec98a800 Uncommon trap: reason=unstable_if action=reinterpret pc=0x00000220ee4961cc method=sun.misc.URLClassPath.getLoader(I)Lsun/misc/URLClassPath$Loader; @ 36
Event: 0.302 Thread 0x00000220ec98a800 Uncommon trap: reason=unstable_if action=reinterpret pc=0x00000220ee4aea14 method=sun.misc.URLClassPath$JarLoader.ensureOpen()V @ 4
Event: 0.370 Thread 0x00000220ec98a800 Uncommon trap: reason=unstable_if action=reinterpret pc=0x00000220ee570514 method=org.jacoco.agent.rt.internal_3570298.asm.MethodVisitor.visitLineNumber(ILorg/jacoco/agent/rt/internal_3570298/asm/Label;)V @ 4
Event: 0.370 Thread 0x00000220ec98a800 Uncommon trap: reason=unstable_if action=reinterpret pc=0x00000220ee5e0ea0 method=org.jacoco.agent.rt.internal_3570298.asm.MethodVisitor.visitMethodInsn(ILjava/lang/String;Ljava/lang/String;Ljava/lang/String;Z)V @ 58
Event: 0.389 Thread 0x00000220ec98a800 Uncommon trap: reason=unstable_if action=reinterpret pc=0x00000220ee577cd4 method=org.jacoco.agent.rt.internal_3570298.asm.MethodVisitor.visitVarInsn(II)V @ 4

Classes redefined (0 events):
No events

Internal exceptions (6 events):
Event: 0.026 Thread 0x00000220ec98a800 Exception <a 'java/lang/NoSuchMethodError': Method sun.misc.Unsafe.defineClass(Ljava/lang/String;[BII)Ljava/lang/Class; name or signature does not match> (0x000000076b987cc0) thrown at [C:\jenkins\workspace\8-2-build-windows-amd64-cygwin\jdk8u311\1894\hot
Event: 0.026 Thread 0x00000220ec98a800 Exception <a 'java/lang/NoSuchMethodError': Method sun.misc.Unsafe.prefetchRead(Ljava/lang/Object;J)V name or signature does not match> (0x000000076b987fa8) thrown at [C:\jenkins\workspace\8-2-build-windows-amd64-cygwin\jdk8u311\1894\hotspot\src\share\vm\
Event: 0.302 Thread 0x00000220ec98a800 Exception <a 'java/security/PrivilegedActionException'> (0x000000076d1ec268) thrown at [C:\jenkins\workspace\8-2-build-windows-amd64-cygwin\jdk8u311\1894\hotspot\src\share\vm\prims\jvm.cpp, line 1523]
Event: 0.302 Thread 0x00000220ec98a800 Exception <a 'java/security/PrivilegedActionException'> (0x000000076d1ec660) thrown at [C:\jenkins\workspace\8-2-build-windows-amd64-cygwin\jdk8u311\1894\hotspot\src\share\vm\prims\jvm.cpp, line 1523]
Event: 0.302 Thread 0x00000220ec98a800 Exception <a 'java/security/PrivilegedActionException'> (0x000000076d1f0940) thrown at [C:\jenkins\workspace\8-2-build-windows-amd64-cygwin\jdk8u311\1894\hotspot\src\share\vm\prims\jvm.cpp, line 1523]
Event: 0.302 Thread 0x00000220ec98a800 Exception <a 'java/security/PrivilegedActionException'> (0x000000076d1f0d38) thrown at [C:\jenkins\workspace\8-2-build-windows-amd64-cygwin\jdk8u311\1894\hotspot\src\share\vm\prims\jvm.cpp, line 1523]

Events (10 events):
Event: 0.394 loading class java/lang/invoke/LambdaForm$BasicType
Event: 0.394 loading class java/lang/invoke/LambdaForm$BasicType done
Event: 0.394 loading class java/lang/invoke/LambdaForm$Name
Event: 0.395 loading class java/lang/invoke/LambdaForm$Name done
Event: 0.395 loading class java/lang/invoke/LambdaForm$NamedFunction
Event: 0.395 loading class java/lang/invoke/LambdaForm$NamedFunction done
Event: 0.396 loading class java/lang/invoke/SimpleMethodHandle
Event: 0.396 loading class java/lang/invoke/BoundMethodHandle
Event: 0.396 loading class java/lang/invoke/BoundMethodHandle done
Event: 0.396 loading class java/lang/invoke/SimpleMethodHandle done


Dynamic libraries:
0x00007ff736820000 - 0x00007ff736867000 	C:\Program Files\Java\jdk1.8.0_311\jre\bin\java.exe
0x00007ffa6eee0000 - 0x00007ffa6f0e9000 	C:\WINDOWS\SYSTEM32\ntdll.dll
0x00007ffa6da80000 - 0x00007ffa6db3d000 	C:\WINDOWS\System32\KERNEL32.DLL
0x00007ffa6c5e0000 - 0x00007ffa6c954000 	C:\WINDOWS\System32\KERNELBASE.dll
0x00007ffa6d070000 - 0x00007ffa6d11e000 	C:\WINDOWS\System32\ADVAPI32.dll
0x00007ffa6edb0000 - 0x00007ffa6ee53000 	C:\WINDOWS\System32\msvcrt.dll
0x00007ffa6db40000 - 0x00007ffa6dbde000 	C:\WINDOWS\System32\sechost.dll
0x00007ffa6dde0000 - 0x00007ffa6df00000 	C:\WINDOWS\System32\RPCRT4.dll
0x00007ffa6d180000 - 0x00007ffa6d32c000 	C:\WINDOWS\System32\USER32.dll
0x00007ffa6c3d0000 - 0x00007ffa6c3f6000 	C:\WINDOWS\System32\win32u.dll
0x00007ffa6ea90000 - 0x00007ffa6eab9000 	C:\WINDOWS\System32\GDI32.dll
0x00007ffa6c4c0000 - 0x00007ffa6c5d2000 	C:\WINDOWS\System32\gdi32full.dll
0x00007ffa6cce0000 - 0x00007ffa6cd7d000 	C:\WINDOWS\System32\msvcp_win.dll
0x00007ffa6ca50000 - 0x00007ffa6cb61000 	C:\WINDOWS\System32\ucrtbase.dll
0x00007ffa52460000 - 0x00007ffa52705000 	C:\WINDOWS\WinSxS\amd64_microsoft.windows.common-controls_6595b64144ccf1df_6.0.22000.120_none_9d947278b86cc467\COMCTL32.dll
0x00007ffa6ee60000 - 0x00007ffa6ee91000 	C:\WINDOWS\System32\IMM32.DLL
0x00007ffa69870000 - 0x00007ffa69885000 	C:\Program Files\Java\jdk1.8.0_311\jre\bin\vcruntime140.dll
0x00007ffa58a20000 - 0x00007ffa58abb000 	C:\Program Files\Java\jdk1.8.0_311\jre\bin\msvcp140.dll
0x000000006d8d0000 - 0x000000006e130000 	C:\Program Files\Java\jdk1.8.0_311\jre\bin\server\jvm.dll
0x00007ffa6dcb0000 - 0x00007ffa6dcb8000 	C:\WINDOWS\System32\PSAPI.DLL
0x00007ffa67800000 - 0x00007ffa67809000 	C:\WINDOWS\SYSTEM32\WSOCK32.dll
0x00007ffa67200000 - 0x00007ffa6720a000 	C:\WINDOWS\SYSTEM32\VERSION.dll
0x00007ffa6d4f0000 - 0x00007ffa6d55f000 	C:\WINDOWS\System32\WS2_32.dll
0x00007ffa66410000 - 0x00007ffa66443000 	C:\WINDOWS\SYSTEM32\WINMM.dll
0x00007ffa6b5c0000 - 0x00007ffa6b5d8000 	C:\WINDOWS\SYSTEM32\kernel.appcore.dll
0x00007ffa698d0000 - 0x00007ffa698e0000 	C:\Program Files\Java\jdk1.8.0_311\jre\bin\verify.dll
0x00007ffa67890000 - 0x00007ffa678bb000 	C:\Program Files\Java\jdk1.8.0_311\jre\bin\java.dll
0x00007ffa5a5d0000 - 0x00007ffa5a600000 	C:\Program Files\Java\jdk1.8.0_311\jre\bin\instrument.dll
0x00007ffa67a50000 - 0x00007ffa67a68000 	C:\Program Files\Java\jdk1.8.0_311\jre\bin\zip.dll
0x00007ffa6e2e0000 - 0x00007ffa6ea8e000 	C:\WINDOWS\System32\SHELL32.dll
0x00007ffa6a550000 - 0x00007ffa6adb8000 	C:\WINDOWS\SYSTEM32\windows.storage.dll
0x00007ffa6df00000 - 0x00007ffa6e278000 	C:\WINDOWS\System32\combase.dll
0x00007ffa6a3e0000 - 0x00007ffa6a546000 	C:\WINDOWS\SYSTEM32\wintypes.dll
0x00007ffa6cd90000 - 0x00007ffa6ce7a000 	C:\WINDOWS\System32\SHCORE.dll
0x00007ffa6ebb0000 - 0x00007ffa6ec0d000 	C:\WINDOWS\System32\shlwapi.dll
0x00007ffa6c300000 - 0x00007ffa6c321000 	C:\WINDOWS\SYSTEM32\profapi.dll
0x00007ffa665b0000 - 0x00007ffa665cc000 	C:\Program Files\Java\jdk1.8.0_311\jre\bin\net.dll
0x00007ffa6b9f0000 - 0x00007ffa6ba57000 	C:\WINDOWS\system32\mswsock.dll
0x00007ffa4c010000 - 0x00007ffa4c027000 	C:\WINDOWS\system32\napinsp.dll
0x00007ffa4bff0000 - 0x00007ffa4c00b000 	C:\WINDOWS\system32\pnrpnsp.dll
0x00007ffa6b160000 - 0x00007ffa6b247000 	C:\WINDOWS\SYSTEM32\DNSAPI.dll
0x00007ffa6b0f0000 - 0x00007ffa6b11d000 	C:\WINDOWS\SYSTEM32\IPHLPAPI.DLL
0x00007ffa6dca0000 - 0x00007ffa6dca9000 	C:\WINDOWS\System32\NSI.dll
0x00007ffa4bfd0000 - 0x00007ffa4bfe2000 	C:\WINDOWS\System32\winrnr.dll
0x00007ffa64900000 - 0x00007ffa64915000 	C:\WINDOWS\system32\wshbth.dll
0x00007ffa4bfb0000 - 0x00007ffa4bfcf000 	C:\WINDOWS\system32\nlansp_c.dll
0x00007ffa62930000 - 0x00007ffa6293a000 	C:\Windows\System32\rasadhlp.dll
0x00007ffa64730000 - 0x00007ffa647b1000 	C:\WINDOWS\System32\fwpuclnt.dll
0x00007ffa5b7e0000 - 0x00007ffa5b7f3000 	C:\Program Files\Java\jdk1.8.0_311\jre\bin\nio.dll
0x00007ffa69200000 - 0x00007ffa6920d000 	C:\Program Files\Java\jdk1.8.0_311\jre\bin\management.dll
0x00007ffa63170000 - 0x00007ffa63391000 	C:\WINDOWS\SYSTEM32\dbghelp.dll
0x00007ffa6c960000 - 0x00007ffa6c9df000 	C:\WINDOWS\System32\bcryptPrimitives.dll

VM Arguments:
jvm_args: -javaagent:C:\\Users\\happy\\.m2\\repository\\org\\jacoco\\org.jacoco.agent\\0.8.7\\org.jacoco.agent-0.8.7-runtime.jar=destfile=C:\\Users\\happy\\aline-capstone\\aline-bank-microservice-RY\\bank-microservice\\target\\jacoco.exec 
java_command: C:\Users\happy\AppData\Local\Temp\surefire2290811568018287213\surefirebooter6688417819205677207.jar C:\Users\happy\AppData\Local\Temp\surefire2290811568018287213 2022-04-12T20-59-06_749-jvmRun1 surefire4026538459181496299tmp surefire_03814865431269889003tmp
java_class_path (initial): C:\Users\happy\AppData\Local\Temp\surefire2290811568018287213\surefirebooter6688417819205677207.jar;C:\\Users\\happy\\.m2\\repository\\org\\jacoco\\org.jacoco.agent\\0.8.7\\org.jacoco.agent-0.8.7-runtime.jar
Launcher Type: SUN_STANDARD

Environment Variables:
JAVA_HOME=C:/Program Files/Java/jdk1.8.0_311
PATH=C:\Program Files\Git\mingw64\bin;C:\Program Files\Git\usr\bin;C:\Users\happy\bin;E:\dev\aline_capstone\virtual\Scripts;C:\Program Files\Common Files\Oracle\Java\javapath;C:\Program Files (x86)\Common Files\Oracle\Java\javapath;C:\Python310\Scripts;C:\Python310;C:\Windows\system32;C:\Windows;C:\Windows\System32\Wbem;C:\Windows\System32\WindowsPowerShell\v1.0;C:\Windows\System32\OpenSSH;C:\Program Files\NVIDIA Corporation\NVIDIA NvDLISR;C:\Program Files (x86)\NVIDIA Corporation\PhysX\Common;C:\Program Files\Git\cmd;C:\Program Files\nodejs;C:\ProgramData\chocolatey\bin;C:\WINDOWS\system32;C:\WINDOWS;C:\WINDOWS\System32\Wbem;C:\WINDOWS\System32\WindowsPowerShell\v1.0;C:\WINDOWS\System32\OpenSSH;C:\HashiCorp\Vagrant\bin;C:\Program Files\PuTTY;C:\Program Files\MySQL\MySQL Shell 8.0\bin;C:\Users\happy\AppData\Local\Microsoft\WindowsApps;C:\Users\happy\AppData\Local\Programs\Microsoft VS Code\bin;C:\Users\happy\AppData\Roaming\npm;C:\Program Files\Java\jdk1.8.0_311;C:\apache-maven-3.8.5\bin
USERNAME=happy
OS=Windows_NT
PROCESSOR_IDENTIFIER=Intel64 Family 6 Model 165 Stepping 2, GenuineIntel



---------------  S Y S T E M  ---------------

OS: Windows 10.0 , 64 bit Build 22000 (10.0.22000.434)

CPU:total 8 (initial active 8) (4 cores per cpu, 2 threads per core) family 6 model 165 stepping 2, cmov, cx8, fxsr, mmx, sse, sse2, sse3, ssse3, sse4.1, sse4.2, popcnt, avx, avx2, aes, clmul, erms, 3dnowpref, lzcnt, ht, tsc, tscinvbit, bmi1, bmi2, adx

Memory: 4k page, physical 16593196k(4640184k free), swap 19584300k(5128k free)

vm_info: Java HotSpot(TM) 64-Bit Server VM (25.311-b11) for windows-amd64 JRE (1.8.0_311-b11), built on Sep 27 2021 05:15:14 by "java_re" with MS VC++ 15.9 (VS2017)

time: Tue Apr 12 20:59:12 2022
timezone: Mountain Daylight Time
elapsed time: 0.408619 seconds (0d 0h 0m 0s)

