#
# There is insufficient memory for the Java Runtime Environment to continue.
# Native memory allocation (malloc) failed to allocate 32744 bytes for ChunkPool::allocate
# Possible reasons:
#   The system is out of physical RAM or swap space
#   The process is running with CompressedOops enabled, and the Java Heap may be blocking the growth of the native heap
# Possible solutions:
#   Reduce memory load on the system
#   Increase physical memory or swap space
#   Check if swap backing store is full
#   Decrease Java heap size (-Xmx/-Xms)
#   Decrease number of Java threads
#   Decrease Java thread stack sizes (-Xss)
#   Set larger code cache with -XX:ReservedCodeCacheSize=
#   JVM is running with Zero Based Compressed Oops mode in which the Java heap is
#     placed in the first 32GB address space. The Java Heap base address is the
#     maximum limit for the native heap growth. Please use -XX:HeapBaseMinAddress
#     to set the Java Heap base and to place the Java Heap above 32GB virtual address.
# This output file may be truncated or incomplete.
#
#  Out of Memory Error (allocation.cpp:272), pid=3052, tid=0x0000000000001724
#
# JRE version: Java(TM) SE Runtime Environment (8.0_311-b11) (build 1.8.0_311-b11)
# Java VM: Java HotSpot(TM) 64-Bit Server VM (25.311-b11 mixed mode windows-amd64 compressed oops)
# Failed to write core dump. Minidumps are not enabled by default on client versions of Windows
#

---------------  T H R E A D  ---------------

Current thread (0x0000025762263800):  JavaThread "C1 CompilerThread3" daemon [_thread_in_native, id=5924, stack(0x00000075ec100000,0x00000075ec200000)]

Stack: [0x00000075ec100000,0x00000075ec200000]
Native frames: (J=compiled Java code, j=interpreted, Vv=VM code, C=native code)
V  [jvm.dll+0x32f239]


Current CompileTask:
C1:   8000 7745       1       io.swagger.v3.core.jackson.ModelResolver::resolve (4759 bytes)


---------------  P R O C E S S  ---------------

Java Threads: ( => current thread )
  0x000002576a62f000 JavaThread "ForkJoinPool.commonPool-worker-3" daemon [_thread_blocked, id=2768, stack(0x00000075edc00000,0x00000075edd00000)]
  0x000002576a62c800 JavaThread "ForkJoinPool.commonPool-worker-2" daemon [_thread_blocked, id=17840, stack(0x00000075ec500000,0x00000075ec600000)]
  0x000002576a623000 JavaThread "ForkJoinPool.commonPool-worker-1" daemon [_thread_blocked, id=12848, stack(0x00000075ec400000,0x00000075ec500000)]
  0x000002576a629800 JavaThread "DestroyJavaVM" [_thread_blocked, id=7308, stack(0x00000075eb000000,0x00000075eb100000)]
  0x000002576a622000 JavaThread "http-nio-8083-Acceptor" daemon [_thread_in_native, id=8988, stack(0x00000075edb00000,0x00000075edc00000)]
  0x000002576a629000 JavaThread "http-nio-8083-Poller" daemon [_thread_in_native, id=11500, stack(0x00000075eda00000,0x00000075edb00000)]
  0x000002576a626000 JavaThread "http-nio-8083-exec-10" daemon [_thread_blocked, id=12008, stack(0x00000075ed900000,0x00000075eda00000)]
  0x000002576a624800 JavaThread "http-nio-8083-exec-9" daemon [_thread_blocked, id=5996, stack(0x00000075ed800000,0x00000075ed900000)]
  0x000002576a621800 JavaThread "http-nio-8083-exec-8" daemon [_thread_blocked, id=10608, stack(0x00000075ed700000,0x00000075ed800000)]
  0x000002576a625000 JavaThread "http-nio-8083-exec-7" daemon [_thread_blocked, id=4684, stack(0x00000075ed600000,0x00000075ed700000)]
  0x000002576a628000 JavaThread "http-nio-8083-exec-6" daemon [_thread_blocked, id=5072, stack(0x00000075ed500000,0x00000075ed600000)]
  0x000002576a623800 JavaThread "http-nio-8083-exec-5" daemon [_thread_blocked, id=12936, stack(0x00000075ed400000,0x00000075ed500000)]
  0x000002576a627800 JavaThread "http-nio-8083-exec-4" daemon [_thread_blocked, id=13292, stack(0x00000075ed300000,0x00000075ed400000)]
  0x000002576a626800 JavaThread "http-nio-8083-exec-3" daemon [_thread_blocked, id=6236, stack(0x00000075ed200000,0x00000075ed300000)]
  0x00000257645eb000 JavaThread "http-nio-8083-exec-2" daemon [_thread_in_vm, id=16124, stack(0x00000075ed100000,0x00000075ed200000)]
  0x00000257645ea000 JavaThread "http-nio-8083-exec-1" daemon [_thread_blocked, id=14892, stack(0x00000075ed000000,0x00000075ed100000)]
  0x00000257645e9800 JavaThread "File Watcher" daemon [_thread_blocked, id=3972, stack(0x00000075ecf00000,0x00000075ed000000)]
  0x00000257645e8800 JavaThread "java-sdk-http-connection-reaper" daemon [_thread_blocked, id=16960, stack(0x00000075ecd00000,0x00000075ece00000)]
  0x00000257645eb800 JavaThread "Live Reload Server" daemon [_thread_in_native, id=4792, stack(0x00000075ece00000,0x00000075ecf00000)]
  0x00000257645ec800 JavaThread "container-0" [_thread_blocked, id=20072, stack(0x00000075ecc00000,0x00000075ecd00000)]
  0x00000257645e8000 JavaThread "Catalina-utility-2" [_thread_blocked, id=13448, stack(0x00000075ecb00000,0x00000075ecc00000)]
  0x00000257645e7000 JavaThread "Catalina-utility-1" [_thread_blocked, id=20296, stack(0x00000075eca00000,0x00000075ecb00000)]
  0x0000025767778000 JavaThread "HikariPool-1 connection adder" daemon [_thread_blocked, id=6220, stack(0x00000075ec900000,0x00000075eca00000)]
  0x000002576422c000 JavaThread "HikariPool-1 housekeeper" daemon [_thread_blocked, id=18244, stack(0x00000075ec800000,0x00000075ec900000)]
  0x000002576615a800 JavaThread "mysql-cj-abandoned-connection-cleanup" daemon [_thread_blocked, id=17928, stack(0x00000075ec600000,0x00000075ec700000)]
  0x0000025764113000 JavaThread "Service Thread" daemon [_thread_blocked, id=4020, stack(0x00000075ec200000,0x00000075ec300000)]
=>0x0000025762263800 JavaThread "C1 CompilerThread3" daemon [_thread_in_native, id=5924, stack(0x00000075ec100000,0x00000075ec200000)]
  0x0000025762260800 JavaThread "C2 CompilerThread2" daemon [_thread_blocked, id=2904, stack(0x00000075ec000000,0x00000075ec100000)]
  0x0000025762252000 JavaThread "C2 CompilerThread1" daemon [_thread_blocked, id=7368, stack(0x00000075ebf00000,0x00000075ec000000)]
  0x000002576224c800 JavaThread "C2 CompilerThread0" daemon [_thread_blocked, id=6792, stack(0x00000075ebe00000,0x00000075ebf00000)]
  0x000002576224b000 JavaThread "Attach Listener" daemon [_thread_blocked, id=7952, stack(0x00000075ebd00000,0x00000075ebe00000)]
  0x000002576225e000 JavaThread "Signal Dispatcher" daemon [_thread_blocked, id=6456, stack(0x00000075ebc00000,0x00000075ebd00000)]
  0x0000025762223000 JavaThread "Finalizer" daemon [_thread_blocked, id=18984, stack(0x00000075ebb00000,0x00000075ebc00000)]
  0x000002576221c800 JavaThread "Reference Handler" daemon [_thread_blocked, id=18256, stack(0x00000075eba00000,0x00000075ebb00000)]

Other Threads:
  0x00000257621f3800 VMThread [stack: 0x00000075eb900000,0x00000075eba00000] [id=14020]
  0x0000025764125800 WatcherThread [stack: 0x00000075ec300000,0x00000075ec400000] [id=4248]

VM state:not at safepoint (normal execution)

VM Mutex/Monitor currently owned by a thread: None

heap address: 0x00000006c2c00000, size: 4052 MB, Compressed Oops mode: Zero based, Oop shift amount: 3
Narrow klass base: 0x0000000000000000, Narrow klass shift: 3
Compressed class space size: 1073741824 Address: 0x00000007c0000000

Heap:
 PSYoungGen      total 465408K, used 355634K [0x000000076b980000, 0x000000078b500000, 0x00000007c0000000)
  eden space 444928K, 75% used [0x000000076b980000,0x00000007800cf4f0,0x0000000786c00000)
  from space 20480K, 99% used [0x000000078a100000,0x000000078b4fd5e0,0x000000078b500000)
  to   space 27648K, 0% used [0x0000000787f00000,0x0000000787f00000,0x0000000789a00000)
 ParOldGen       total 175104K, used 40704K [0x00000006c2c00000, 0x00000006cd700000, 0x000000076b980000)
  object space 175104K, 23% used [0x00000006c2c00000,0x00000006c53c01c8,0x00000006cd700000)
 Metaspace       used 72390K, capacity 77192K, committed 77312K, reserved 1116160K
  class space    used 10367K, capacity 11201K, committed 11264K, reserved 1048576K

Card table byte_map: [0x00000257583a0000,0x0000025758b90000] byte_map_base: 0x0000025754d8a000

Marking Bits: (ParMarkBitMap*) 0x000000006e0b8030
 Begin Bits: [0x00000257590e0000, 0x000002575d030000)
 End Bits:   [0x000002575d030000, 0x0000025760f80000)

Polling page: 0x0000025748fb0000

CodeCache: size=245760Kb used=14086Kb max_used=14086Kb free=231673Kb
 bounds [0x0000025748fe0000, 0x0000025749db0000, 0x0000025757fe0000]
 total_blobs=8236 nmethods=7595 adapters=551
 compilation: enabled

Compilation events (10 events):
Event: 7.960 Thread 0x0000025762263800 nmethod 7740 0x0000025749da2350 code [0x0000025749da24e0, 0x0000025749da2a40]
Event: 7.961 Thread 0x0000025762263800 7741       1       com.fasterxml.jackson.core.json.ReaderBasedJsonParser::_parseName (118 bytes)
Event: 7.961 Thread 0x0000025762263800 nmethod 7741 0x0000025749da2e10 code [0x0000025749da2f80, 0x0000025749da31c0]
Event: 7.964 Thread 0x0000025762263800 7742       1       com.fasterxml.jackson.core.JsonStreamContext::<init> (15 bytes)
Event: 7.964 Thread 0x0000025762263800 nmethod 7742 0x0000025749da3390 code [0x0000025749da34e0, 0x0000025749da35f8]
Event: 7.968 Thread 0x0000025762263800 7743       1       io.swagger.v3.core.converter.AnnotatedType::resolveAsRef (7 bytes)
Event: 7.968 Thread 0x0000025762263800 nmethod 7743 0x0000025749da3650 code [0x0000025749da37a0, 0x0000025749da38b8]
Event: 7.968 Thread 0x0000025762263800 7744       1       io.swagger.v3.core.converter.AnnotatedType::jsonViewAnnotation (7 bytes)
Event: 7.968 Thread 0x0000025762263800 nmethod 7744 0x0000025749da3910 code [0x0000025749da3a60, 0x0000025749da3b98]
Event: 7.969 Thread 0x0000025762263800 7745       1       io.swagger.v3.core.jackson.ModelResolver::resolve (4759 bytes)

GC Heap History (10 events):
Event: 2.353 GC heap before
{Heap before GC invocations=9 (full 2):
 PSYoungGen      total 236544K, used 12710K [0x000000076b980000, 0x0000000784080000, 0x00000007c0000000)
  eden space 220160K, 0% used [0x000000076b980000,0x000000076b980000,0x0000000779080000)
  from space 16384K, 77% used [0x0000000779080000,0x0000000779ce9878,0x000000077a080000)
  to   space 16896K, 0% used [0x0000000783000000,0x0000000783000000,0x0000000784080000)
 ParOldGen       total 87552K, used 11133K [0x00000006c2c00000, 0x00000006c8180000, 0x000000076b980000)
  object space 87552K, 12% used [0x00000006c2c00000,0x00000006c36df5e0,0x00000006c8180000)
 Metaspace       used 33058K, capacity 35398K, committed 35416K, reserved 1079296K
  class space    used 4670K, capacity 5102K, committed 5120K, reserved 1048576K
Event: 2.388 GC heap after
Heap after GC invocations=9 (full 2):
 PSYoungGen      total 236544K, used 0K [0x000000076b980000, 0x0000000784080000, 0x00000007c0000000)
  eden space 220160K, 0% used [0x000000076b980000,0x000000076b980000,0x0000000779080000)
  from space 16384K, 0% used [0x0000000779080000,0x0000000779080000,0x000000077a080000)
  to   space 16896K, 0% used [0x0000000783000000,0x0000000783000000,0x0000000784080000)
 ParOldGen       total 127488K, used 17792K [0x00000006c2c00000, 0x00000006ca880000, 0x000000076b980000)
  object space 127488K, 13% used [0x00000006c2c00000,0x00000006c3d60078,0x00000006ca880000)
 Metaspace       used 33058K, capacity 35398K, committed 35416K, reserved 1079296K
  class space    used 4670K, capacity 5102K, committed 5120K, reserved 1048576K
}
Event: 3.644 GC heap before
{Heap before GC invocations=10 (full 2):
 PSYoungGen      total 236544K, used 220160K [0x000000076b980000, 0x0000000784080000, 0x00000007c0000000)
  eden space 220160K, 100% used [0x000000076b980000,0x0000000779080000,0x0000000779080000)
  from space 16384K, 0% used [0x0000000779080000,0x0000000779080000,0x000000077a080000)
  to   space 16896K, 0% used [0x0000000783000000,0x0000000783000000,0x0000000784080000)
 ParOldGen       total 127488K, used 17792K [0x00000006c2c00000, 0x00000006ca880000, 0x000000076b980000)
  object space 127488K, 13% used [0x00000006c2c00000,0x00000006c3d60078,0x00000006ca880000)
 Metaspace       used 52007K, capacity 54800K, committed 54912K, reserved 1095680K
  class space    used 7464K, capacity 8009K, committed 8064K, reserved 1048576K
Event: 3.656 GC heap after
Heap after GC invocations=10 (full 2):
 PSYoungGen      total 372224K, used 16884K [0x000000076b980000, 0x0000000784080000, 0x00000007c0000000)
  eden space 355328K, 0% used [0x000000076b980000,0x000000076b980000,0x0000000781480000)
  from space 16896K, 99% used [0x0000000783000000,0x000000078407d1b8,0x0000000784080000)
  to   space 20992K, 0% used [0x0000000781780000,0x0000000781780000,0x0000000782c00000)
 ParOldGen       total 127488K, used 22395K [0x00000006c2c00000, 0x00000006ca880000, 0x000000076b980000)
  object space 127488K, 17% used [0x00000006c2c00000,0x00000006c41deeb0,0x00000006ca880000)
 Metaspace       used 52007K, capacity 54800K, committed 54912K, reserved 1095680K
  class space    used 7464K, capacity 8009K, committed 8064K, reserved 1048576K
}
Event: 3.991 GC heap before
{Heap before GC invocations=11 (full 2):
 PSYoungGen      total 372224K, used 88232K [0x000000076b980000, 0x0000000784080000, 0x00000007c0000000)
  eden space 355328K, 20% used [0x000000076b980000,0x000000076ff2cf20,0x0000000781480000)
  from space 16896K, 99% used [0x0000000783000000,0x000000078407d1b8,0x0000000784080000)
  to   space 20992K, 0% used [0x0000000781780000,0x0000000781780000,0x0000000782c00000)
 ParOldGen       total 127488K, used 22395K [0x00000006c2c00000, 0x00000006ca880000, 0x000000076b980000)
  object space 127488K, 17% used [0x00000006c2c00000,0x00000006c41deeb0,0x00000006ca880000)
 Metaspace       used 55626K, capacity 58984K, committed 59008K, reserved 1099776K
  class space    used 7966K, capacity 8567K, committed 8576K, reserved 1048576K
Event: 3.997 GC heap after
Heap after GC invocations=11 (full 2):
 PSYoungGen      total 379392K, used 12335K [0x000000076b980000, 0x000000078b500000, 0x00000007c0000000)
  eden space 358400K, 0% used [0x000000076b980000,0x000000076b980000,0x0000000781780000)
  from space 20992K, 58% used [0x0000000781780000,0x000000078238bcc8,0x0000000782c00000)
  to   space 20480K, 0% used [0x000000078a100000,0x000000078a100000,0x000000078b500000)
 ParOldGen       total 127488K, used 22403K [0x00000006c2c00000, 0x00000006ca880000, 0x000000076b980000)
  object space 127488K, 17% used [0x00000006c2c00000,0x00000006c41e0eb0,0x00000006ca880000)
 Metaspace       used 55626K, capacity 58984K, committed 59008K, reserved 1099776K
  class space    used 7966K, capacity 8567K, committed 8576K, reserved 1048576K
}
Event: 3.997 GC heap before
{Heap before GC invocations=12 (full 3):
 PSYoungGen      total 379392K, used 12335K [0x000000076b980000, 0x000000078b500000, 0x00000007c0000000)
  eden space 358400K, 0% used [0x000000076b980000,0x000000076b980000,0x0000000781780000)
  from space 20992K, 58% used [0x0000000781780000,0x000000078238bcc8,0x0000000782c00000)
  to   space 20480K, 0% used [0x000000078a100000,0x000000078a100000,0x000000078b500000)
 ParOldGen       total 127488K, used 22403K [0x00000006c2c00000, 0x00000006ca880000, 0x000000076b980000)
  object space 127488K, 17% used [0x00000006c2c00000,0x00000006c41e0eb0,0x00000006ca880000)
 Metaspace       used 55626K, capacity 58984K, committed 59008K, reserved 1099776K
  class space    used 7966K, capacity 8567K, committed 8576K, reserved 1048576K
Event: 4.131 GC heap after
Heap after GC invocations=12 (full 3):
 PSYoungGen      total 379392K, used 0K [0x000000076b980000, 0x000000078b500000, 0x00000007c0000000)
  eden space 358400K, 0% used [0x000000076b980000,0x000000076b980000,0x0000000781780000)
  from space 20992K, 0% used [0x0000000781780000,0x0000000781780000,0x0000000782c00000)
  to   space 20480K, 0% used [0x000000078a100000,0x000000078a100000,0x000000078b500000)
 ParOldGen       total 175104K, used 27549K [0x00000006c2c00000, 0x00000006cd700000, 0x000000076b980000)
  object space 175104K, 15% used [0x00000006c2c00000,0x00000006c46e76e8,0x00000006cd700000)
 Metaspace       used 55626K, capacity 58984K, committed 59008K, reserved 1099776K
  class space    used 7966K, capacity 8567K, committed 8576K, reserved 1048576K
}
Event: 5.004 GC heap before
{Heap before GC invocations=13 (full 3):
 PSYoungGen      total 379392K, used 358400K [0x000000076b980000, 0x000000078b500000, 0x00000007c0000000)
  eden space 358400K, 100% used [0x000000076b980000,0x0000000781780000,0x0000000781780000)
  from space 20992K, 0% used [0x0000000781780000,0x0000000781780000,0x0000000782c00000)
  to   space 20480K, 0% used [0x000000078a100000,0x000000078a100000,0x000000078b500000)
 ParOldGen       total 175104K, used 27549K [0x00000006c2c00000, 0x00000006cd700000, 0x000000076b980000)
  object space 175104K, 15% used [0x00000006c2c00000,0x00000006c46e76e8,0x00000006cd700000)
 Metaspace       used 66270K, capacity 70074K, committed 70272K, reserved 1110016K
  class space    used 9448K, capacity 10106K, committed 10112K, reserved 1048576K
Event: 5.018 GC heap after
Heap after GC invocations=13 (full 3):
 PSYoungGen      total 465408K, used 20469K [0x000000076b980000, 0x000000078b500000, 0x00000007c0000000)
  eden space 444928K, 0% used [0x000000076b980000,0x000000076b980000,0x0000000786c00000)
  from space 20480K, 99% used [0x000000078a100000,0x000000078b4fd5e0,0x000000078b500000)
  to   space 27648K, 0% used [0x0000000787f00000,0x0000000787f00000,0x0000000789a00000)
 ParOldGen       total 175104K, used 40704K [0x00000006c2c00000, 0x00000006cd700000, 0x000000076b980000)
  object space 175104K, 23% used [0x00000006c2c00000,0x00000006c53c01c8,0x00000006cd700000)
 Metaspace       used 66270K, capacity 70074K, committed 70272K, reserved 1110016K
  class space    used 9448K, capacity 10106K, committed 10112K, reserved 1048576K
}

Deoptimization events (0 events):
No events

Classes redefined (0 events):
No events

Internal exceptions (10 events):
Event: 5.363 Thread 0x00000257649ef800 Exception <a 'java/lang/ClassNotFoundException': java/lang/ObjectCustomizer> (0x00000007782ec910) thrown at [C:\jenkins\workspace\8-2-build-windows-amd64-cygwin\jdk8u311\1894\hotspot\src\share\vm\classfile\systemDictionary.cpp, line 212]
Event: 5.363 Thread 0x00000257649ef800 Exception <a 'java/lang/ClassNotFoundException': org/springframework/security/config/annotation/web/configuration/WebSecurityConfigurationCustomizer> (0x0000000778319980) thrown at [C:\jenkins\workspace\8-2-build-windows-amd64-cygwin\jdk8u311\1894\hotspot
Event: 5.364 Thread 0x00000257649ef800 Exception <a 'java/lang/ClassNotFoundException': org/springframework/context/annotation/ImportAwareCustomizer> (0x0000000778343948) thrown at [C:\jenkins\workspace\8-2-build-windows-amd64-cygwin\jdk8u311\1894\hotspot\src\share\vm\classfile\systemDictionar
Event: 5.364 Thread 0x00000257649ef800 Exception <a 'java/lang/ClassNotFoundException': org/springframework/beans/factory/AwareCustomizer> (0x000000077835d660) thrown at [C:\jenkins\workspace\8-2-build-windows-amd64-cygwin\jdk8u311\1894\hotspot\src\share\vm\classfile\systemDictionary.cpp, line
Event: 5.364 Thread 0x00000257649ef800 Exception <a 'java/lang/ClassNotFoundException': org/springframework/beans/factory/BeanClassLoaderAwareCustomizer> (0x000000077837b358) thrown at [C:\jenkins\workspace\8-2-build-windows-amd64-cygwin\jdk8u311\1894\hotspot\src\share\vm\classfile\systemDicti
Event: 5.364 Thread 0x00000257649ef800 Exception <a 'java/lang/ClassNotFoundException': org/springframework/beans/factory/AwareCustomizer> (0x0000000778395050) thrown at [C:\jenkins\workspace\8-2-build-windows-amd64-cygwin\jdk8u311\1894\hotspot\src\share\vm\classfile\systemDictionary.cpp, line
Event: 5.446 Thread 0x00000257649ef800 Exception <a 'java/lang/ClassNotFoundException': java/lang/ObjectCustomizer> (0x00000007792afc90) thrown at [C:\jenkins\workspace\8-2-build-windows-amd64-cygwin\jdk8u311\1894\hotspot\src\share\vm\classfile\systemDictionary.cpp, line 212]
Event: 5.446 Thread 0x00000257649ef800 Exception <a 'java/lang/ClassNotFoundException': org/springframework/security/config/annotation/web/configuration/HttpSecurityConfigurationCustomizer> (0x00000007792dcd38) thrown at [C:\jenkins\workspace\8-2-build-windows-amd64-cygwin\jdk8u311\1894\hotspo
Event: 5.463 Thread 0x00000257649ef800 Exception <a 'java/lang/IncompatibleClassChangeError': Found class java.lang.Object, but interface was expected> (0x00000007794c7088) thrown at [C:\jenkins\workspace\8-2-build-windows-amd64-cygwin\jdk8u311\1894\hotspot\src\share\vm\interpreter\linkResolve
Event: 7.599 Thread 0x00000257645ea000 Exception <a 'java/lang/NoSuchMethodError': java.lang.Object.lambda$builder$1(Ljava/lang/String;)Lio/micrometer/core/instrument/Timer$Builder;> (0x000000077c9b40b0) thrown at [C:\jenkins\workspace\8-2-build-windows-amd64-cygwin\jdk8u311\1894\hotspot\src\s

Events (10 events):
Event: 7.851 loading class com/fasterxml/jackson/databind/ser/std/NumberSerializer$1
Event: 7.851 loading class com/fasterxml/jackson/databind/ser/std/NumberSerializer$1 done
Event: 7.851 loading class com/fasterxml/jackson/databind/util/TokenBuffer$1
Event: 7.851 loading class com/fasterxml/jackson/databind/util/TokenBuffer$1 done
Event: 7.872 loading class io/swagger/v3/oas/models/media/DateTimeSchema
Event: 7.872 loading class io/swagger/v3/oas/models/media/DateTimeSchema done
Event: 7.887 Executing VM operation: ForceSafepoint
Event: 7.887 Executing VM operation: ForceSafepoint done
Event: 7.897 loading class com/fasterxml/jackson/databind/node/BooleanNode
Event: 7.897 loading class com/fasterxml/jackson/databind/node/BooleanNode done


Dynamic libraries:
0x00007ff736820000 - 0x00007ff736867000 	C:\Program Files\Java\jdk1.8.0_311\jre\bin\java.exe
0x00007ffa6eee0000 - 0x00007ffa6f0e9000 	C:\WINDOWS\SYSTEM32\ntdll.dll
0x00007ffa6da80000 - 0x00007ffa6db3d000 	C:\WINDOWS\System32\KERNEL32.DLL
0x00007ffa6c5e0000 - 0x00007ffa6c954000 	C:\WINDOWS\System32\KERNELBASE.dll
0x00007ffa6d070000 - 0x00007ffa6d11e000 	C:\WINDOWS\System32\ADVAPI32.dll
0x00007ffa6edb0000 - 0x00007ffa6ee53000 	C:\WINDOWS\System32\msvcrt.dll
0x00007ffa6db40000 - 0x00007ffa6dbde000 	C:\WINDOWS\System32\sechost.dll
0x00007ffa6dde0000 - 0x00007ffa6df00000 	C:\WINDOWS\System32\RPCRT4.dll
0x00007ffa6d180000 - 0x00007ffa6d32c000 	C:\WINDOWS\System32\USER32.dll
0x00007ffa6c3d0000 - 0x00007ffa6c3f6000 	C:\WINDOWS\System32\win32u.dll
0x00007ffa6ea90000 - 0x00007ffa6eab9000 	C:\WINDOWS\System32\GDI32.dll
0x00007ffa6c4c0000 - 0x00007ffa6c5d2000 	C:\WINDOWS\System32\gdi32full.dll
0x00007ffa6cce0000 - 0x00007ffa6cd7d000 	C:\WINDOWS\System32\msvcp_win.dll
0x00007ffa6ca50000 - 0x00007ffa6cb61000 	C:\WINDOWS\System32\ucrtbase.dll
0x00007ffa52460000 - 0x00007ffa52705000 	C:\WINDOWS\WinSxS\amd64_microsoft.windows.common-controls_6595b64144ccf1df_6.0.22000.120_none_9d947278b86cc467\COMCTL32.dll
0x00007ffa6ee60000 - 0x00007ffa6ee91000 	C:\WINDOWS\System32\IMM32.DLL
0x00007ffa69870000 - 0x00007ffa69885000 	C:\Program Files\Java\jdk1.8.0_311\jre\bin\vcruntime140.dll
0x00007ffa58a20000 - 0x00007ffa58abb000 	C:\Program Files\Java\jdk1.8.0_311\jre\bin\msvcp140.dll
0x000000006d8d0000 - 0x000000006e130000 	C:\Program Files\Java\jdk1.8.0_311\jre\bin\server\jvm.dll
0x00007ffa6dcb0000 - 0x00007ffa6dcb8000 	C:\WINDOWS\System32\PSAPI.DLL
0x00007ffa66410000 - 0x00007ffa66443000 	C:\WINDOWS\SYSTEM32\WINMM.dll
0x00007ffa67800000 - 0x00007ffa67809000 	C:\WINDOWS\SYSTEM32\WSOCK32.dll
0x00007ffa6d4f0000 - 0x00007ffa6d55f000 	C:\WINDOWS\System32\WS2_32.dll
0x00007ffa67200000 - 0x00007ffa6720a000 	C:\WINDOWS\SYSTEM32\VERSION.dll
0x00007ffa6b5c0000 - 0x00007ffa6b5d8000 	C:\WINDOWS\SYSTEM32\kernel.appcore.dll
0x00007ffa698d0000 - 0x00007ffa698e0000 	C:\Program Files\Java\jdk1.8.0_311\jre\bin\verify.dll
0x00007ffa67890000 - 0x00007ffa678bb000 	C:\Program Files\Java\jdk1.8.0_311\jre\bin\java.dll
0x00007ffa67a50000 - 0x00007ffa67a68000 	C:\Program Files\Java\jdk1.8.0_311\jre\bin\zip.dll
0x00007ffa6e2e0000 - 0x00007ffa6ea8e000 	C:\WINDOWS\System32\SHELL32.dll
0x00007ffa6a550000 - 0x00007ffa6adb8000 	C:\WINDOWS\SYSTEM32\windows.storage.dll
0x00007ffa6df00000 - 0x00007ffa6e278000 	C:\WINDOWS\System32\combase.dll
0x00007ffa6a3e0000 - 0x00007ffa6a546000 	C:\WINDOWS\SYSTEM32\wintypes.dll
0x00007ffa6cd90000 - 0x00007ffa6ce7a000 	C:\WINDOWS\System32\SHCORE.dll
0x00007ffa6ebb0000 - 0x00007ffa6ec0d000 	C:\WINDOWS\System32\shlwapi.dll
0x00007ffa6c300000 - 0x00007ffa6c321000 	C:\WINDOWS\SYSTEM32\profapi.dll
0x00007ffa69200000 - 0x00007ffa6920d000 	C:\Program Files\Java\jdk1.8.0_311\jre\bin\management.dll
0x00007ffa665b0000 - 0x00007ffa665cc000 	C:\Program Files\Java\jdk1.8.0_311\jre\bin\net.dll
0x00007ffa6b9f0000 - 0x00007ffa6ba57000 	C:\WINDOWS\system32\mswsock.dll
0x00007ffa4c010000 - 0x00007ffa4c027000 	C:\WINDOWS\system32\napinsp.dll
0x00007ffa4bff0000 - 0x00007ffa4c00b000 	C:\WINDOWS\system32\pnrpnsp.dll
0x00007ffa6b160000 - 0x00007ffa6b247000 	C:\WINDOWS\SYSTEM32\DNSAPI.dll
0x00007ffa6b0f0000 - 0x00007ffa6b11d000 	C:\WINDOWS\SYSTEM32\IPHLPAPI.DLL
0x00007ffa6dca0000 - 0x00007ffa6dca9000 	C:\WINDOWS\System32\NSI.dll
0x00007ffa4bfd0000 - 0x00007ffa4bfe2000 	C:\WINDOWS\System32\winrnr.dll
0x00007ffa64900000 - 0x00007ffa64915000 	C:\WINDOWS\system32\wshbth.dll
0x00007ffa4bfb0000 - 0x00007ffa4bfcf000 	C:\WINDOWS\system32\nlansp_c.dll
0x00007ffa62930000 - 0x00007ffa6293a000 	C:\Windows\System32\rasadhlp.dll
0x00007ffa64730000 - 0x00007ffa647b1000 	C:\WINDOWS\System32\fwpuclnt.dll
0x00007ffa5b7e0000 - 0x00007ffa5b7f3000 	C:\Program Files\Java\jdk1.8.0_311\jre\bin\nio.dll
0x00007ffa6bc30000 - 0x00007ffa6bc48000 	C:\WINDOWS\SYSTEM32\CRYPTSP.dll
0x00007ffa6b520000 - 0x00007ffa6b555000 	C:\WINDOWS\system32\rsaenh.dll
0x00007ffa6bae0000 - 0x00007ffa6bb09000 	C:\WINDOWS\SYSTEM32\USERENV.dll
0x00007ffa6bdb0000 - 0x00007ffa6bdd7000 	C:\WINDOWS\SYSTEM32\bcrypt.dll
0x00007ffa6c960000 - 0x00007ffa6c9df000 	C:\WINDOWS\System32\bcryptprimitives.dll
0x00007ffa6bc50000 - 0x00007ffa6bc5c000 	C:\WINDOWS\SYSTEM32\CRYPTBASE.dll
0x00007ffa66450000 - 0x00007ffa66469000 	C:\WINDOWS\SYSTEM32\dhcpcsvc6.DLL
0x00007ffa67210000 - 0x00007ffa6722e000 	C:\WINDOWS\SYSTEM32\dhcpcsvc.DLL
0x00007ffa5b790000 - 0x00007ffa5b7b4000 	C:\Program Files\Java\jdk1.8.0_311\jre\bin\sunec.dll
0x00007ffa69210000 - 0x00007ffa6921d000 	C:\Program Files\Java\jdk1.8.0_311\jre\bin\sunmscapi.dll
0x00007ffa6cb70000 - 0x00007ffa6ccd2000 	C:\WINDOWS\System32\CRYPT32.dll
0x00007ffa6bd80000 - 0x00007ffa6bda8000 	C:\WINDOWS\SYSTEM32\ncrypt.dll
0x00007ffa6bd40000 - 0x00007ffa6bd77000 	C:\WINDOWS\SYSTEM32\NTASN1.dll

VM Arguments:
jvm_args: -Xverify:none -XX:TieredStopAtLevel=1 
java_command: com.aline.bankmicroservice.BankMicroserviceApplication
java_class_path (initial): C:\Users\happy\aline-capstone\aline-bank-microservice-RY\bank-microservice\target\classes;C:\Users\happy\.m2\repository\ch\qos\logback\logback-classic\1.2.3\logback-classic-1.2.3.jar;C:\Users\happy\.m2\repository\ch\qos\logback\logback-core\1.2.3\logback-core-1.2.3.jar;C:\Users\happy\.m2\repository\org\apache\logging\log4j\log4j-to-slf4j\2.13.3\log4j-to-slf4j-2.13.3.jar;C:\Users\happy\.m2\repository\org\apache\logging\log4j\log4j-api\2.13.3\log4j-api-2.13.3.jar;C:\Users\happy\.m2\repository\org\slf4j\jul-to-slf4j\1.7.31\jul-to-slf4j-1.7.31.jar;C:\Users\happy\.m2\repository\jakarta\annotation\jakarta.annotation-api\1.3.5\jakarta.annotation-api-1.3.5.jar;C:\Users\happy\.m2\repository\org\yaml\snakeyaml\1.27\snakeyaml-1.27.jar;C:\Users\happy\.m2\repository\org\springframework\boot\spring-boot-actuator-autoconfigure\2.4.8\spring-boot-actuator-autoconfigure-2.4.8.jar;C:\Users\happy\.m2\repository\org\springframework\boot\spring-boot-actuator\2.4.8\spring-boot-actuator-2.4.8.jar;C:\Users\happy\.m2\repository\com\fasterxml\jackson\core\jackson-databind\2.11.4\jackson-databind-2.11.4.jar;C:\Users\happy\.m2\repository\com\fasterxml\jackson\core\jackson-annotations\2.11.4\jackson-annotations-2.11.4.jar;C:\Users\happy\.m2\repository\com\fasterxml\jackson\datatype\jackson-datatype-jsr310\2.11.4\jackson-datatype-jsr310-2.11.4.jar;C:\Users\happy\.m2\repository\io\micrometer\micrometer-core\1.6.8\micrometer-core-1.6.8.jar;C:\Users\happy\.m2\repository\org\hdrhistogram\HdrHistogram\2.1.12\HdrHistogram-2.1.12.jar;C:\Users\happy\.m2\repository\org\latencyutils\LatencyUtils\2.0.3\LatencyUtils-2.0.3.jar;C:\Users\happy\.m2\repository\org\aspectj\aspectjweaver\1.9.6\aspectjweaver-1.9.6.jar;C:\Users\happy\.m2\repository\com\zaxxer\HikariCP\3.4.5\HikariCP-3.4.5.jar;C:\Users\happy\.m2\repository\org\springframework\spring-jdbc\5.3.8\spring-jdbc-5.3.8.jar;C:\Users\happy\.m2\repository\jakarta\transaction\jakarta.transaction-api\1.3.3\jakarta.transaction-api-1.3.3
Launcher Type: SUN_STANDARD

Environment Variables:
JAVA_HOME=C:/Program Files/Java/jdk1.8.0_311
PATH=C:\Program Files\Git\mingw64\bin;C:\Program Files\Git\usr\bin;C:\Users\happy\bin;E:\dev\aline_capstone\virtual\Scripts;C:\Program Files\Common Files\Oracle\Java\javapath;C:\Program Files (x86)\Common Files\Oracle\Java\javapath;C:\Python310\Scripts;C:\Python310;C:\Windows\system32;C:\Windows;C:\Windows\System32\Wbem;C:\Windows\System32\WindowsPowerShell\v1.0;C:\Windows\System32\OpenSSH;C:\Program Files\NVIDIA Corporation\NVIDIA NvDLISR;C:\Program Files (x86)\NVIDIA Corporation\PhysX\Common;C:\Program Files\Git\cmd;C:\Program Files\nodejs;C:\ProgramData\chocolatey\bin;C:\WINDOWS\system32;C:\WINDOWS;C:\WINDOWS\System32\Wbem;C:\WINDOWS\System32\WindowsPowerShell\v1.0;C:\WINDOWS\System32\OpenSSH;C:\HashiCorp\Vagrant\bin;C:\Program Files\PuTTY;C:\Program Files\MySQL\MySQL Shell 8.0\bin;C:\Users\happy\AppData\Local\Microsoft\WindowsApps;C:\Users\happy\AppData\Local\Programs\Microsoft VS Code\bin;C:\Users\happy\AppData\Roaming\npm;C:\Program Files\Java\jdk1.8.0_311;C:\apache-maven-3.8.5\bin
USERNAME=happy
OS=Windows_NT
PROCESSOR_IDENTIFIER=Intel64 Family 6 Model 165 Stepping 2, GenuineIntel



---------------  S Y S T E M  ---------------

OS: Windows 10.0 , 64 bit Build 22000 (10.0.22000.434)

CPU:total 8 (initial active 8) (4 cores per cpu, 2 threads per core) family 6 model 165 stepping 2, cmov, cx8, fxsr, mmx, sse, sse2, sse3, ssse3, sse4.1, sse4.2, popcnt, avx, avx2, aes, clmul, erms, 3dnowpref, lzcnt, ht, tsc, tscinvbit, bmi1, bmi2, adx

Memory: 4k page, physical 16593196k(4661948k free), swap 19584300k(5116k free)

vm_info: Java HotSpot(TM) 64-Bit Server VM (25.311-b11) for windows-amd64 JRE (1.8.0_311-b11), built on Sep 27 2021 05:15:14 by "java_re" with MS VC++ 15.9 (VS2017)

time: Tue Apr 12 20:58:43 2022
timezone: Mountain Daylight Time
elapsed time: 8.003256 seconds (0d 0h 0m 8s)

