#
# There is insufficient memory for the Java Runtime Environment to continue.
# Native memory allocation (malloc) failed to allocate 264224 bytes for Chunk::new
# Possible reasons:
#   The system is out of physical RAM or swap space
#   The process is running with CompressedOops enabled, and the Java Heap may be blocking the growth of the native heap
# Possible solutions:
#   Reduce memory load on the system
#   Increase physical memory or swap space
#   Check if swap backing store is full
#   Decrease Java heap size (-Xmx/-Xms)
#   Decrease number of Java threads
#   Decrease Java thread stack sizes (-Xss)
#   Set larger code cache with -XX:ReservedCodeCacheSize=
#   JVM is running with Zero Based Compressed Oops mode in which the Java heap is
#     placed in the first 32GB address space. The Java Heap base address is the
#     maximum limit for the native heap growth. Please use -XX:HeapBaseMinAddress
#     to set the Java Heap base and to place the Java Heap above 32GB virtual address.
# This output file may be truncated or incomplete.
#
#  Out of Memory Error (allocation.cpp:389), pid=7676, tid=0x00000000000034e8
#
# JRE version: Java(TM) SE Runtime Environment (8.0_311-b11) (build 1.8.0_311-b11)
# Java VM: Java HotSpot(TM) 64-Bit Server VM (25.311-b11 mixed mode windows-amd64 compressed oops)
# Failed to write core dump. Minidumps are not enabled by default on client versions of Windows
#

---------------  T H R E A D  ---------------

Current thread (0x0000018cced46800):  JavaThread "C2 CompilerThread0" daemon [_thread_in_native, id=13544, stack(0x00000062fb000000,0x00000062fb100000)]

Stack: [0x00000062fb000000,0x00000062fb100000]
Native frames: (J=compiled Java code, j=interpreted, Vv=VM code, C=native code)
V  [jvm.dll+0x32f239]
V  [jvm.dll+0x275882]
V  [jvm.dll+0x27652d]
V  [jvm.dll+0x26cf65]
V  [jvm.dll+0xd558c]
V  [jvm.dll+0xd5d8c]
V  [jvm.dll+0x470b65]
V  [jvm.dll+0x438210]
V  [jvm.dll+0x441215]
V  [jvm.dll+0x4405d5]
V  [jvm.dll+0x42b38b]
V  [jvm.dll+0xac22b]
V  [jvm.dll+0xaa88b]
V  [jvm.dll+0x23df22]
V  [jvm.dll+0x29253c]
C  [ucrtbase.dll+0x26c0c]
C  [KERNEL32.DLL+0x154e0]
C  [ntdll.dll+0x485b]


Current CompileTask:
C2:   5439 5374       4       java.net.URLStreamHandler::equals (45 bytes)


---------------  P R O C E S S  ---------------

Java Threads: ( => current thread )
  0x0000018cd3648800 JavaThread "mysql-cj-abandoned-connection-cleanup" daemon [_thread_blocked, id=3944, stack(0x00000062fb800000,0x00000062fb900000)]
  0x0000018ccf620000 JavaThread "surefire-forkedjvm-ping-30s" daemon [_thread_blocked, id=17956, stack(0x00000062fb700000,0x00000062fb800000)]
  0x0000018ccfac8800 JavaThread "surefire-forkedjvm-command-thread" daemon [_thread_in_native, id=17552, stack(0x00000062fb600000,0x00000062fb700000)]
  0x0000018ccee1c000 JavaThread "Service Thread" daemon [_thread_blocked, id=10704, stack(0x00000062fb400000,0x00000062fb500000)]
  0x0000018cced36000 JavaThread "C1 CompilerThread3" daemon [_thread_blocked, id=3760, stack(0x00000062fb300000,0x00000062fb400000)]
  0x0000018ccee54000 JavaThread "C2 CompilerThread2" daemon [_thread_in_native, id=11132, stack(0x00000062fb200000,0x00000062fb300000)]
  0x0000018cced47800 JavaThread "C2 CompilerThread1" daemon [_thread_in_native, id=17804, stack(0x00000062fb100000,0x00000062fb200000)]
=>0x0000018cced46800 JavaThread "C2 CompilerThread0" daemon [_thread_in_native, id=13544, stack(0x00000062fb000000,0x00000062fb100000)]
  0x0000018cccfb2800 JavaThread "Attach Listener" daemon [_thread_blocked, id=7976, stack(0x00000062faf00000,0x00000062fb000000)]
  0x0000018cccfb0800 JavaThread "Signal Dispatcher" daemon [_thread_blocked, id=17492, stack(0x00000062fae00000,0x00000062faf00000)]
  0x0000018cccf88800 JavaThread "Finalizer" daemon [_thread_blocked, id=3524, stack(0x00000062fad00000,0x00000062fae00000)]
  0x0000018cccf7e000 JavaThread "Reference Handler" daemon [_thread_blocked, id=18376, stack(0x00000062fac00000,0x00000062fad00000)]
  0x0000018cb1c8b000 JavaThread "main" [_thread_in_vm, id=7616, stack(0x00000062fa200000,0x00000062fa300000)]

Other Threads:
  0x0000018cccf54800 VMThread [stack: 0x00000062fab00000,0x00000062fac00000] [id=512]
  0x0000018ccedf2000 WatcherThread [stack: 0x00000062fb500000,0x00000062fb600000] [id=20388]

VM state:not at safepoint (normal execution)

VM Mutex/Monitor currently owned by a thread: None

heap address: 0x00000006c2c00000, size: 4052 MB, Compressed Oops mode: Zero based, Oop shift amount: 3
Narrow klass base: 0x0000000000000000, Narrow klass shift: 3
Compressed class space size: 1073741824 Address: 0x00000007c0000000

Heap:
 PSYoungGen      total 224768K, used 26177K [0x000000076b980000, 0x0000000779f00000, 0x00000007c0000000)
  eden space 215552K, 7% used [0x000000076b980000,0x000000076ca16fc0,0x0000000778c00000)
  from space 9216K, 99% used [0x0000000779600000,0x0000000779ef9838,0x0000000779f00000)
  to   space 9728K, 0% used [0x0000000778c00000,0x0000000778c00000,0x0000000779580000)
 ParOldGen       total 167424K, used 19536K [0x00000006c2c00000, 0x00000006ccf80000, 0x000000076b980000)
  object space 167424K, 11% used [0x00000006c2c00000,0x00000006c3f14398,0x00000006ccf80000)
 Metaspace       used 47309K, capacity 49842K, committed 50176K, reserved 1093632K
  class space    used 5911K, capacity 6368K, committed 6400K, reserved 1048576K

Card table byte_map: [0x0000018cc29f0000,0x0000018cc31e0000] byte_map_base: 0x0000018cbf3da000

Marking Bits: (ParMarkBitMap*) 0x000000006e0b8030
 Begin Bits: [0x0000018cc3730000, 0x0000018cc7680000)
 End Bits:   [0x0000018cc7680000, 0x0000018ccb5d0000)

Polling page: 0x0000018cb1de0000

CodeCache: size=245760Kb used=19139Kb max_used=19900Kb free=226620Kb
 bounds [0x0000018cb3630000, 0x0000018cb49b0000, 0x0000018cc2630000]
 total_blobs=5138 nmethods=4720 adapters=330
 compilation: enabled

Compilation events (10 events):
Event: 5.406 Thread 0x0000018cced36000 5376       1       org.jacoco.agent.rt.internal_3570298.core.internal.instr.NoneProbeArrayStrategy::addMembers (1 bytes)
Event: 5.406 Thread 0x0000018cced36000 nmethod 5376 0x0000018cb49aa390 code [0x0000018cb49aa4e0, 0x0000018cb49aa5f8]
Event: 5.416 Thread 0x0000018cced36000 5377       3       org.jacoco.agent.rt.internal_3570298.asm.ClassReader::getItemCount (6 bytes)
Event: 5.416 Thread 0x0000018cced36000 nmethod 5377 0x0000018cb3c89a50 code [0x0000018cb3c89ba0, 0x0000018cb3c89d18]
Event: 5.425 Thread 0x0000018cced36000 5378       1       java.lang.reflect.WeakCache::access$000 (5 bytes)
Event: 5.425 Thread 0x0000018cced36000 nmethod 5378 0x0000018cb3b76bd0 code [0x0000018cb3b76d20, 0x0000018cb3b76e18]
Event: 5.426 Thread 0x0000018cced36000 5379       1       java.lang.reflect.WeakCache::access$100 (5 bytes)
Event: 5.426 Thread 0x0000018cced36000 nmethod 5379 0x0000018cb3be29d0 code [0x0000018cb3be2b20, 0x0000018cb3be2c18]
Event: 5.426 Thread 0x0000018cced36000 5380       1       java.lang.reflect.WeakCache$CacheValue::hashCode (5 bytes)
Event: 5.426 Thread 0x0000018cced36000 nmethod 5380 0x0000018cb3ffb6d0 code [0x0000018cb3ffb820, 0x0000018cb3ffb938]

GC Heap History (10 events):
Event: 2.634 GC heap before
{Heap before GC invocations=10 (full 1):
 PSYoungGen      total 162816K, used 162804K [0x000000076b980000, 0x0000000778c00000, 0x00000007c0000000)
  eden space 155136K, 100% used [0x000000076b980000,0x0000000775100000,0x0000000775100000)
  from space 7680K, 99% used [0x0000000775a00000,0x000000077617d0d8,0x0000000776180000)
  to   space 9216K, 0% used [0x0000000775100000,0x0000000775100000,0x0000000775a00000)
 ParOldGen       total 101376K, used 6767K [0x00000006c2c00000, 0x00000006c8f00000, 0x000000076b980000)
  object space 101376K, 6% used [0x00000006c2c00000,0x00000006c329bf10,0x00000006c8f00000)
 Metaspace       used 30537K, capacity 32182K, committed 32512K, reserved 1077248K
  class space    used 3662K, capacity 3990K, committed 4096K, reserved 1048576K
Event: 2.637 GC heap after
Heap after GC invocations=10 (full 1):
 PSYoungGen      total 164352K, used 6822K [0x000000076b980000, 0x0000000779f00000, 0x00000007c0000000)
  eden space 155136K, 0% used [0x000000076b980000,0x000000076b980000,0x0000000775100000)
  from space 9216K, 74% used [0x0000000775100000,0x00000007757a9bc0,0x0000000775a00000)
  to   space 9216K, 0% used [0x0000000779600000,0x0000000779600000,0x0000000779f00000)
 ParOldGen       total 101376K, used 7533K [0x00000006c2c00000, 0x00000006c8f00000, 0x000000076b980000)
  object space 101376K, 7% used [0x00000006c2c00000,0x00000006c335b7d8,0x00000006c8f00000)
 Metaspace       used 30537K, capacity 32182K, committed 32512K, reserved 1077248K
  class space    used 3662K, capacity 3990K, committed 4096K, reserved 1048576K
}
Event: 3.010 GC heap before
{Heap before GC invocations=11 (full 1):
 PSYoungGen      total 164352K, used 132688K [0x000000076b980000, 0x0000000779f00000, 0x00000007c0000000)
  eden space 155136K, 81% used [0x000000076b980000,0x000000077346a5d8,0x0000000775100000)
  from space 9216K, 74% used [0x0000000775100000,0x00000007757a9bc0,0x0000000775a00000)
  to   space 9216K, 0% used [0x0000000779600000,0x0000000779600000,0x0000000779f00000)
 ParOldGen       total 101376K, used 7533K [0x00000006c2c00000, 0x00000006c8f00000, 0x000000076b980000)
  object space 101376K, 7% used [0x00000006c2c00000,0x00000006c335b7d8,0x00000006c8f00000)
 Metaspace       used 33595K, capacity 35332K, committed 35456K, reserved 1081344K
  class space    used 4046K, capacity 4405K, committed 4480K, reserved 1048576K
Event: 3.016 GC heap after
Heap after GC invocations=11 (full 1):
 PSYoungGen      total 224768K, used 7691K [0x000000076b980000, 0x0000000779f00000, 0x00000007c0000000)
  eden space 215552K, 0% used [0x000000076b980000,0x000000076b980000,0x0000000778c00000)
  from space 9216K, 83% used [0x0000000779600000,0x0000000779d82d28,0x0000000779f00000)
  to   space 9728K, 0% used [0x0000000778c00000,0x0000000778c00000,0x0000000779580000)
 ParOldGen       total 101376K, used 10900K [0x00000006c2c00000, 0x00000006c8f00000, 0x000000076b980000)
  object space 101376K, 10% used [0x00000006c2c00000,0x00000006c36a5248,0x00000006c8f00000)
 Metaspace       used 33595K, capacity 35332K, committed 35456K, reserved 1081344K
  class space    used 4046K, capacity 4405K, committed 4480K, reserved 1048576K
}
Event: 3.016 GC heap before
{Heap before GC invocations=12 (full 2):
 PSYoungGen      total 224768K, used 7691K [0x000000076b980000, 0x0000000779f00000, 0x00000007c0000000)
  eden space 215552K, 0% used [0x000000076b980000,0x000000076b980000,0x0000000778c00000)
  from space 9216K, 83% used [0x0000000779600000,0x0000000779d82d28,0x0000000779f00000)
  to   space 9728K, 0% used [0x0000000778c00000,0x0000000778c00000,0x0000000779580000)
 ParOldGen       total 101376K, used 10900K [0x00000006c2c00000, 0x00000006c8f00000, 0x000000076b980000)
  object space 101376K, 10% used [0x00000006c2c00000,0x00000006c36a5248,0x00000006c8f00000)
 Metaspace       used 33595K, capacity 35332K, committed 35456K, reserved 1081344K
  class space    used 4046K, capacity 4405K, committed 4480K, reserved 1048576K
Event: 3.061 GC heap after
Heap after GC invocations=12 (full 2):
 PSYoungGen      total 224768K, used 0K [0x000000076b980000, 0x0000000779f00000, 0x00000007c0000000)
  eden space 215552K, 0% used [0x000000076b980000,0x000000076b980000,0x0000000778c00000)
  from space 9216K, 0% used [0x0000000779600000,0x0000000779600000,0x0000000779f00000)
  to   space 9728K, 0% used [0x0000000778c00000,0x0000000778c00000,0x0000000779580000)
 ParOldGen       total 167424K, used 16377K [0x00000006c2c00000, 0x00000006ccf80000, 0x000000076b980000)
  object space 167424K, 9% used [0x00000006c2c00000,0x00000006c3bfe788,0x00000006ccf80000)
 Metaspace       used 33595K, capacity 35332K, committed 35456K, reserved 1081344K
  class space    used 4046K, capacity 4405K, committed 4480K, reserved 1048576K
}
Event: 4.187 GC heap before
{Heap before GC invocations=13 (full 2):
 PSYoungGen      total 224768K, used 215552K [0x000000076b980000, 0x0000000779f00000, 0x00000007c0000000)
  eden space 215552K, 100% used [0x000000076b980000,0x0000000778c00000,0x0000000778c00000)
  from space 9216K, 0% used [0x0000000779600000,0x0000000779600000,0x0000000779f00000)
  to   space 9728K, 0% used [0x0000000778c00000,0x0000000778c00000,0x0000000779580000)
 ParOldGen       total 167424K, used 16377K [0x00000006c2c00000, 0x00000006ccf80000, 0x000000076b980000)
  object space 167424K, 9% used [0x00000006c2c00000,0x00000006c3bfe788,0x00000006ccf80000)
 Metaspace       used 39202K, capacity 41320K, committed 41600K, reserved 1085440K
  class space    used 4731K, capacity 5125K, committed 5248K, reserved 1048576K
Event: 4.193 GC heap after
Heap after GC invocations=13 (full 2):
 PSYoungGen      total 225280K, used 9104K [0x000000076b980000, 0x0000000779f00000, 0x00000007c0000000)
  eden space 215552K, 0% used [0x000000076b980000,0x000000076b980000,0x0000000778c00000)
  from space 9728K, 93% used [0x0000000778c00000,0x00000007794e4110,0x0000000779580000)
  to   space 9216K, 0% used [0x0000000779600000,0x0000000779600000,0x0000000779f00000)
 ParOldGen       total 167424K, used 16385K [0x00000006c2c00000, 0x00000006ccf80000, 0x000000076b980000)
  object space 167424K, 9% used [0x00000006c2c00000,0x00000006c3c00788,0x00000006ccf80000)
 Metaspace       used 39202K, capacity 41320K, committed 41600K, reserved 1085440K
  class space    used 4731K, capacity 5125K, committed 5248K, reserved 1048576K
}
Event: 5.360 GC heap before
{Heap before GC invocations=14 (full 2):
 PSYoungGen      total 225280K, used 224656K [0x000000076b980000, 0x0000000779f00000, 0x00000007c0000000)
  eden space 215552K, 100% used [0x000000076b980000,0x0000000778c00000,0x0000000778c00000)
  from space 9728K, 93% used [0x0000000778c00000,0x00000007794e4110,0x0000000779580000)
  to   space 9216K, 0% used [0x0000000779600000,0x0000000779600000,0x0000000779f00000)
 ParOldGen       total 167424K, used 16385K [0x00000006c2c00000, 0x00000006ccf80000, 0x000000076b980000)
  object space 167424K, 9% used [0x00000006c2c00000,0x00000006c3c00788,0x00000006ccf80000)
 Metaspace       used 46735K, capacity 49288K, committed 49408K, reserved 1091584K
  class space    used 5843K, capacity 6333K, committed 6400K, reserved 1048576K
Event: 5.371 GC heap after
Heap after GC invocations=14 (full 2):
 PSYoungGen      total 224768K, used 9190K [0x000000076b980000, 0x0000000779f00000, 0x00000007c0000000)
  eden space 215552K, 0% used [0x000000076b980000,0x000000076b980000,0x0000000778c00000)
  from space 9216K, 99% used [0x0000000779600000,0x0000000779ef9838,0x0000000779f00000)
  to   space 9728K, 0% used [0x0000000778c00000,0x0000000778c00000,0x0000000779580000)
 ParOldGen       total 167424K, used 19536K [0x00000006c2c00000, 0x00000006ccf80000, 0x000000076b980000)
  object space 167424K, 11% used [0x00000006c2c00000,0x00000006c3f14398,0x00000006ccf80000)
 Metaspace       used 46735K, capacity 49288K, committed 49408K, reserved 1091584K
  class space    used 5843K, capacity 6333K, committed 6400K, reserved 1048576K
}

Deoptimization events (10 events):
Event: 4.977 Thread 0x0000018cb1c8b000 Uncommon trap: reason=class_check action=maybe_recompile pc=0x0000018cb4755a98 method=java.util.AbstractList$Itr.hasNext()Z @ 8
Event: 4.978 Thread 0x0000018cb1c8b000 Uncommon trap: reason=class_check action=maybe_recompile pc=0x0000018cb4755a98 method=java.util.AbstractList$Itr.hasNext()Z @ 8
Event: 4.978 Thread 0x0000018cb1c8b000 Uncommon trap: reason=class_check action=maybe_recompile pc=0x0000018cb4755a98 method=java.util.AbstractList$Itr.hasNext()Z @ 8
Event: 4.978 Thread 0x0000018cb1c8b000 Uncommon trap: reason=class_check action=maybe_recompile pc=0x0000018cb4755a98 method=java.util.AbstractList$Itr.hasNext()Z @ 8
Event: 5.020 Thread 0x0000018cb1c8b000 Uncommon trap: reason=null_check action=maybe_recompile pc=0x0000018cb4935dd8 method=org.jacoco.agent.rt.internal_3570298.CoverageTransformer.filter(Ljava/lang/ClassLoader;Ljava/lang/String;Ljava/security/ProtectionDomain;)Z @ 53
Event: 5.020 Thread 0x0000018cb1c8b000 Uncommon trap: reason=null_check action=maybe_recompile pc=0x0000018cb4935dd8 method=org.jacoco.agent.rt.internal_3570298.CoverageTransformer.filter(Ljava/lang/ClassLoader;Ljava/lang/String;Ljava/security/ProtectionDomain;)Z @ 53
Event: 5.020 Thread 0x0000018cb1c8b000 Uncommon trap: reason=null_check action=maybe_recompile pc=0x0000018cb4935dd8 method=org.jacoco.agent.rt.internal_3570298.CoverageTransformer.filter(Ljava/lang/ClassLoader;Ljava/lang/String;Ljava/security/ProtectionDomain;)Z @ 53
Event: 5.046 Thread 0x0000018cb1c8b000 Uncommon trap: reason=unstable_if action=reinterpret pc=0x0000018cb412c3f8 method=java.lang.ClassLoader.getClassLoadingLock(Ljava/lang/String;)Ljava/lang/Object; @ 6
Event: 5.050 Thread 0x0000018cb1c8b000 Uncommon trap: reason=range_check action=make_not_entrant pc=0x0000018cb45be898 method=java.util.zip.ZipUtils.get16([BI)I @ 10
Event: 5.348 Thread 0x0000018cb1c8b000 Uncommon trap: reason=bimorphic action=maybe_recompile pc=0x0000018cb3f62bd8 method=org.jacoco.agent.rt.internal_3570298.asm.SymbolTable.copyBootstrapMethods(Lorg/jacoco/agent/rt/internal_3570298/asm/ClassReader;[C)V @ 220

Classes redefined (0 events):
No events

Internal exceptions (10 events):
Event: 4.751 Thread 0x0000018cb1c8b000 Exception <a 'java/lang/ClassNotFoundException': org/springframework/dao/support/PersistenceExceptionTranslatorCustomizer> (0x0000000772147c70) thrown at [C:\jenkins\workspace\8-2-build-windows-amd64-cygwin\jdk8u311\1894\hotspot\src\share\vm\classfile\sys
Event: 4.773 Thread 0x0000018cb1c8b000 Implicit null exception at 0x0000018cb38f3d48 to 0x0000018cb38f455e
Event: 4.773 Thread 0x0000018cb1c8b000 Exception <a 'java/lang/NullPointerException'> (0x00000007725ea928) thrown at [C:\jenkins\workspace\8-2-build-windows-amd64-cygwin\jdk8u311\1894\hotspot\src\share\vm\runtime\sharedRuntime.cpp, line 609]
Event: 4.830 Thread 0x0000018cb1c8b000 Implicit null exception at 0x0000018cb38f3d48 to 0x0000018cb38f455e
Event: 4.830 Thread 0x0000018cb1c8b000 Exception <a 'java/lang/NullPointerException'> (0x00000007737f5d48) thrown at [C:\jenkins\workspace\8-2-build-windows-amd64-cygwin\jdk8u311\1894\hotspot\src\share\vm\runtime\sharedRuntime.cpp, line 609]
Event: 4.959 Thread 0x0000018cb1c8b000 Implicit null exception at 0x0000018cb38f3d48 to 0x0000018cb38f455e
Event: 4.959 Thread 0x0000018cb1c8b000 Exception <a 'java/lang/NullPointerException'> (0x00000007754ce6d8) thrown at [C:\jenkins\workspace\8-2-build-windows-amd64-cygwin\jdk8u311\1894\hotspot\src\share\vm\runtime\sharedRuntime.cpp, line 609]
Event: 5.020 Thread 0x0000018cb1c8b000 Implicit null exception at 0x0000018cb4934e57 to 0x0000018cb4935dcd
Event: 5.020 Thread 0x0000018cb1c8b000 Implicit null exception at 0x0000018cb4934e57 to 0x0000018cb4935dcd
Event: 5.020 Thread 0x0000018cb1c8b000 Implicit null exception at 0x0000018cb4934e57 to 0x0000018cb4935dcd

Events (10 events):
Event: 5.428 loading class com/zaxxer/hikari/util/UtilityElf
Event: 5.428 loading class com/zaxxer/hikari/util/UtilityElf done
Event: 5.430 loading class java/sql/SQLTransientConnectionException
Event: 5.430 loading class java/sql/SQLTransientException
Event: 5.430 loading class java/sql/SQLTransientException done
Event: 5.430 loading class java/sql/SQLTransientConnectionException done
Event: 5.430 loading class com/zaxxer/hikari/pool/PoolBase$ConnectionSetupException
Event: 5.430 loading class com/zaxxer/hikari/pool/PoolBase$ConnectionSetupException done
Event: 5.430 loading class java/lang/AbstractMethodError
Event: 5.430 loading class java/lang/AbstractMethodError done


Dynamic libraries:
0x00007ff736820000 - 0x00007ff736867000 	C:\Program Files\Java\jdk1.8.0_311\jre\bin\java.exe
0x00007ffa6eee0000 - 0x00007ffa6f0e9000 	C:\WINDOWS\SYSTEM32\ntdll.dll
0x00007ffa6da80000 - 0x00007ffa6db3d000 	C:\WINDOWS\System32\KERNEL32.DLL
0x00007ffa6c5e0000 - 0x00007ffa6c954000 	C:\WINDOWS\System32\KERNELBASE.dll
0x00007ffa6d070000 - 0x00007ffa6d11e000 	C:\WINDOWS\System32\ADVAPI32.dll
0x00007ffa6edb0000 - 0x00007ffa6ee53000 	C:\WINDOWS\System32\msvcrt.dll
0x00007ffa6db40000 - 0x00007ffa6dbde000 	C:\WINDOWS\System32\sechost.dll
0x00007ffa6dde0000 - 0x00007ffa6df00000 	C:\WINDOWS\System32\RPCRT4.dll
0x00007ffa6d180000 - 0x00007ffa6d32c000 	C:\WINDOWS\System32\USER32.dll
0x00007ffa6c3d0000 - 0x00007ffa6c3f6000 	C:\WINDOWS\System32\win32u.dll
0x00007ffa6ea90000 - 0x00007ffa6eab9000 	C:\WINDOWS\System32\GDI32.dll
0x00007ffa6c4c0000 - 0x00007ffa6c5d2000 	C:\WINDOWS\System32\gdi32full.dll
0x00007ffa6cce0000 - 0x00007ffa6cd7d000 	C:\WINDOWS\System32\msvcp_win.dll
0x00007ffa6ca50000 - 0x00007ffa6cb61000 	C:\WINDOWS\System32\ucrtbase.dll
0x00007ffa52460000 - 0x00007ffa52705000 	C:\WINDOWS\WinSxS\amd64_microsoft.windows.common-controls_6595b64144ccf1df_6.0.22000.120_none_9d947278b86cc467\COMCTL32.dll
0x00007ffa6ee60000 - 0x00007ffa6ee91000 	C:\WINDOWS\System32\IMM32.DLL
0x00007ffa69870000 - 0x00007ffa69885000 	C:\Program Files\Java\jdk1.8.0_311\jre\bin\vcruntime140.dll
0x00007ffa58a20000 - 0x00007ffa58abb000 	C:\Program Files\Java\jdk1.8.0_311\jre\bin\msvcp140.dll
0x000000006d8d0000 - 0x000000006e130000 	C:\Program Files\Java\jdk1.8.0_311\jre\bin\server\jvm.dll
0x00007ffa6dcb0000 - 0x00007ffa6dcb8000 	C:\WINDOWS\System32\PSAPI.DLL
0x00007ffa66410000 - 0x00007ffa66443000 	C:\WINDOWS\SYSTEM32\WINMM.dll
0x00007ffa67800000 - 0x00007ffa67809000 	C:\WINDOWS\SYSTEM32\WSOCK32.dll
0x00007ffa67200000 - 0x00007ffa6720a000 	C:\WINDOWS\SYSTEM32\VERSION.dll
0x00007ffa6d4f0000 - 0x00007ffa6d55f000 	C:\WINDOWS\System32\WS2_32.dll
0x00007ffa6b5c0000 - 0x00007ffa6b5d8000 	C:\WINDOWS\SYSTEM32\kernel.appcore.dll
0x00007ffa698d0000 - 0x00007ffa698e0000 	C:\Program Files\Java\jdk1.8.0_311\jre\bin\verify.dll
0x00007ffa67890000 - 0x00007ffa678bb000 	C:\Program Files\Java\jdk1.8.0_311\jre\bin\java.dll
0x00007ffa5a5d0000 - 0x00007ffa5a600000 	C:\Program Files\Java\jdk1.8.0_311\jre\bin\instrument.dll
0x00007ffa67a50000 - 0x00007ffa67a68000 	C:\Program Files\Java\jdk1.8.0_311\jre\bin\zip.dll
0x00007ffa6e2e0000 - 0x00007ffa6ea8e000 	C:\WINDOWS\System32\SHELL32.dll
0x00007ffa6a550000 - 0x00007ffa6adb8000 	C:\WINDOWS\SYSTEM32\windows.storage.dll
0x00007ffa6df00000 - 0x00007ffa6e278000 	C:\WINDOWS\System32\combase.dll
0x00007ffa6a3e0000 - 0x00007ffa6a546000 	C:\WINDOWS\SYSTEM32\wintypes.dll
0x00007ffa6cd90000 - 0x00007ffa6ce7a000 	C:\WINDOWS\System32\SHCORE.dll
0x00007ffa6ebb0000 - 0x00007ffa6ec0d000 	C:\WINDOWS\System32\shlwapi.dll
0x00007ffa6c300000 - 0x00007ffa6c321000 	C:\WINDOWS\SYSTEM32\profapi.dll
0x00007ffa665b0000 - 0x00007ffa665cc000 	C:\Program Files\Java\jdk1.8.0_311\jre\bin\net.dll
0x00007ffa6b9f0000 - 0x00007ffa6ba57000 	C:\WINDOWS\system32\mswsock.dll
0x00007ffa4c010000 - 0x00007ffa4c027000 	C:\WINDOWS\system32\napinsp.dll
0x00007ffa4bff0000 - 0x00007ffa4c00b000 	C:\WINDOWS\system32\pnrpnsp.dll
0x00007ffa6b160000 - 0x00007ffa6b247000 	C:\WINDOWS\SYSTEM32\DNSAPI.dll
0x00007ffa6b0f0000 - 0x00007ffa6b11d000 	C:\WINDOWS\SYSTEM32\IPHLPAPI.DLL
0x00007ffa6dca0000 - 0x00007ffa6dca9000 	C:\WINDOWS\System32\NSI.dll
0x00007ffa4bfd0000 - 0x00007ffa4bfe2000 	C:\WINDOWS\System32\winrnr.dll
0x00007ffa64900000 - 0x00007ffa64915000 	C:\WINDOWS\system32\wshbth.dll
0x00007ffa4bfb0000 - 0x00007ffa4bfcf000 	C:\WINDOWS\system32\nlansp_c.dll
0x00007ffa62930000 - 0x00007ffa6293a000 	C:\Windows\System32\rasadhlp.dll
0x00007ffa64730000 - 0x00007ffa647b1000 	C:\WINDOWS\System32\fwpuclnt.dll
0x00007ffa5b7e0000 - 0x00007ffa5b7f3000 	C:\Program Files\Java\jdk1.8.0_311\jre\bin\nio.dll
0x00007ffa69200000 - 0x00007ffa6920d000 	C:\Program Files\Java\jdk1.8.0_311\jre\bin\management.dll
0x00007ffa6bc30000 - 0x00007ffa6bc48000 	C:\WINDOWS\SYSTEM32\CRYPTSP.dll
0x00007ffa6b520000 - 0x00007ffa6b555000 	C:\WINDOWS\system32\rsaenh.dll
0x00007ffa6bae0000 - 0x00007ffa6bb09000 	C:\WINDOWS\SYSTEM32\USERENV.dll
0x00007ffa6bdb0000 - 0x00007ffa6bdd7000 	C:\WINDOWS\SYSTEM32\bcrypt.dll
0x00007ffa6c960000 - 0x00007ffa6c9df000 	C:\WINDOWS\System32\bcryptprimitives.dll
0x00007ffa6bc50000 - 0x00007ffa6bc5c000 	C:\WINDOWS\SYSTEM32\CRYPTBASE.dll
0x00007ffa66450000 - 0x00007ffa66469000 	C:\WINDOWS\SYSTEM32\dhcpcsvc6.DLL
0x00007ffa67210000 - 0x00007ffa6722e000 	C:\WINDOWS\SYSTEM32\dhcpcsvc.DLL
0x00007ffa63170000 - 0x00007ffa63391000 	C:\WINDOWS\SYSTEM32\dbghelp.dll

VM Arguments:
jvm_args: -javaagent:C:\\Users\\happy\\.m2\\repository\\org\\jacoco\\org.jacoco.agent\\0.8.7\\org.jacoco.agent-0.8.7-runtime.jar=destfile=C:\\Users\\happy\\aline-capstone\\aline-bank-microservice-RY\\bank-microservice\\target\\jacoco.exec 
java_command: C:\Users\happy\AppData\Local\Temp\surefire1265841131447012924\surefirebooter3570063885965201439.jar C:\Users\happy\AppData\Local\Temp\surefire1265841131447012924 2022-04-12T20-58-22_072-jvmRun1 surefire1492933634352616352tmp surefire_08940897089585888061tmp
java_class_path (initial): C:\Users\happy\AppData\Local\Temp\surefire1265841131447012924\surefirebooter3570063885965201439.jar;C:\\Users\\happy\\.m2\\repository\\org\\jacoco\\org.jacoco.agent\\0.8.7\\org.jacoco.agent-0.8.7-runtime.jar
Launcher Type: SUN_STANDARD

Environment Variables:
JAVA_HOME=C:/Program Files/Java/jdk1.8.0_311
PATH=C:\Program Files\Git\mingw64\bin;C:\Program Files\Git\usr\bin;C:\Users\happy\bin;E:\dev\aline_capstone\virtual\Scripts;C:\Program Files\Common Files\Oracle\Java\javapath;C:\Program Files (x86)\Common Files\Oracle\Java\javapath;C:\Python310\Scripts;C:\Python310;C:\Windows\system32;C:\Windows;C:\Windows\System32\Wbem;C:\Windows\System32\WindowsPowerShell\v1.0;C:\Windows\System32\OpenSSH;C:\Program Files\NVIDIA Corporation\NVIDIA NvDLISR;C:\Program Files (x86)\NVIDIA Corporation\PhysX\Common;C:\Program Files\Git\cmd;C:\Program Files\nodejs;C:\ProgramData\chocolatey\bin;C:\WINDOWS\system32;C:\WINDOWS;C:\WINDOWS\System32\Wbem;C:\WINDOWS\System32\WindowsPowerShell\v1.0;C:\WINDOWS\System32\OpenSSH;C:\HashiCorp\Vagrant\bin;C:\Program Files\PuTTY;C:\Program Files\MySQL\MySQL Shell 8.0\bin;C:\Users\happy\AppData\Local\Microsoft\WindowsApps;C:\Users\happy\AppData\Local\Programs\Microsoft VS Code\bin;C:\Users\happy\AppData\Roaming\npm;C:\Program Files\Java\jdk1.8.0_311;C:\apache-maven-3.8.5\bin
USERNAME=happy
OS=Windows_NT
PROCESSOR_IDENTIFIER=Intel64 Family 6 Model 165 Stepping 2, GenuineIntel



---------------  S Y S T E M  ---------------

OS: Windows 10.0 , 64 bit Build 22000 (10.0.22000.434)

CPU:total 8 (initial active 8) (4 cores per cpu, 2 threads per core) family 6 model 165 stepping 2, cmov, cx8, fxsr, mmx, sse, sse2, sse3, ssse3, sse4.1, sse4.2, popcnt, avx, avx2, aes, clmul, erms, 3dnowpref, lzcnt, ht, tsc, tscinvbit, bmi1, bmi2, adx

Memory: 4k page, physical 16593196k(4577992k free), swap 19584300k(18452k free)

vm_info: Java HotSpot(TM) 64-Bit Server VM (25.311-b11) for windows-amd64 JRE (1.8.0_311-b11), built on Sep 27 2021 05:15:14 by "java_re" with MS VC++ 15.9 (VS2017)

time: Tue Apr 12 20:58:32 2022
timezone: Mountain Daylight Time
elapsed time: 5.442117 seconds (0d 0h 0m 5s)

